{"C:\\Users\\hp\\Desktop\\QA App\\server\\src\\controller\\controller.js": {"path":"C:\\Users\\hp\\Desktop\\QA App\\server\\src\\controller\\controller.js","statementMap":{"0":{"start":{"line":1,"column":20},"end":{"line":1,"column":53}},"1":{"start":{"line":2,"column":23},"end":{"line":2,"column":55}},"2":{"start":{"line":4,"column":18},"end":{"line":13,"column":1}},"3":{"start":{"line":5,"column":4},"end":{"line":11,"column":5}},"4":{"start":{"line":6,"column":23},"end":{"line":6,"column":71}},"5":{"start":{"line":7,"column":8},"end":{"line":7,"column":46}},"6":{"start":{"line":10,"column":8},"end":{"line":10,"column":47}},"7":{"start":{"line":15,"column":18},"end":{"line":23,"column":1}},"8":{"start":{"line":16,"column":4},"end":{"line":22,"column":5}},"9":{"start":{"line":17,"column":23},"end":{"line":17,"column":73}},"10":{"start":{"line":18,"column":8},"end":{"line":18,"column":46}},"11":{"start":{"line":21,"column":8},"end":{"line":21,"column":47}},"12":{"start":{"line":25,"column":16},"end":{"line":33,"column":1}},"13":{"start":{"line":26,"column":4},"end":{"line":32,"column":5}},"14":{"start":{"line":27,"column":23},"end":{"line":27,"column":61}},"15":{"start":{"line":28,"column":8},"end":{"line":28,"column":46}},"16":{"start":{"line":31,"column":8},"end":{"line":31,"column":47}},"17":{"start":{"line":35,"column":15},"end":{"line":43,"column":1}},"18":{"start":{"line":36,"column":4},"end":{"line":42,"column":5}},"19":{"start":{"line":37,"column":23},"end":{"line":37,"column":73}},"20":{"start":{"line":38,"column":8},"end":{"line":38,"column":46}},"21":{"start":{"line":41,"column":8},"end":{"line":41,"column":47}},"22":{"start":{"line":45,"column":19},"end":{"line":53,"column":1}},"23":{"start":{"line":46,"column":4},"end":{"line":52,"column":5}},"24":{"start":{"line":47,"column":23},"end":{"line":47,"column":73}},"25":{"start":{"line":48,"column":8},"end":{"line":48,"column":46}},"26":{"start":{"line":51,"column":8},"end":{"line":51,"column":47}},"27":{"start":{"line":55,"column":19},"end":{"line":63,"column":1}},"28":{"start":{"line":56,"column":4},"end":{"line":62,"column":5}},"29":{"start":{"line":57,"column":23},"end":{"line":57,"column":75}},"30":{"start":{"line":58,"column":8},"end":{"line":58,"column":46}},"31":{"start":{"line":61,"column":8},"end":{"line":61,"column":47}},"32":{"start":{"line":65,"column":18},"end":{"line":73,"column":1}},"33":{"start":{"line":66,"column":4},"end":{"line":72,"column":5}},"34":{"start":{"line":67,"column":23},"end":{"line":67,"column":79}},"35":{"start":{"line":68,"column":8},"end":{"line":68,"column":46}},"36":{"start":{"line":71,"column":8},"end":{"line":71,"column":47}},"37":{"start":{"line":75,"column":18},"end":{"line":83,"column":1}},"38":{"start":{"line":76,"column":4},"end":{"line":82,"column":5}},"39":{"start":{"line":77,"column":23},"end":{"line":77,"column":85}},"40":{"start":{"line":78,"column":8},"end":{"line":78,"column":46}},"41":{"start":{"line":81,"column":8},"end":{"line":81,"column":47}},"42":{"start":{"line":87,"column":0},"end":{"line":87,"column":110}}},"fnMap":{"0":{"name":"(anonymous_0)","decl":{"start":{"line":4,"column":18},"end":{"line":4,"column":19}},"loc":{"start":{"line":4,"column":34},"end":{"line":13,"column":1}},"line":4},"1":{"name":"(anonymous_1)","decl":{"start":{"line":15,"column":18},"end":{"line":15,"column":19}},"loc":{"start":{"line":15,"column":34},"end":{"line":23,"column":1}},"line":15},"2":{"name":"(anonymous_2)","decl":{"start":{"line":25,"column":16},"end":{"line":25,"column":17}},"loc":{"start":{"line":25,"column":32},"end":{"line":33,"column":1}},"line":25},"3":{"name":"(anonymous_3)","decl":{"start":{"line":35,"column":15},"end":{"line":35,"column":16}},"loc":{"start":{"line":35,"column":31},"end":{"line":43,"column":1}},"line":35},"4":{"name":"(anonymous_4)","decl":{"start":{"line":45,"column":19},"end":{"line":45,"column":20}},"loc":{"start":{"line":45,"column":35},"end":{"line":53,"column":1}},"line":45},"5":{"name":"(anonymous_5)","decl":{"start":{"line":55,"column":19},"end":{"line":55,"column":20}},"loc":{"start":{"line":55,"column":35},"end":{"line":63,"column":1}},"line":55},"6":{"name":"(anonymous_6)","decl":{"start":{"line":65,"column":18},"end":{"line":65,"column":19}},"loc":{"start":{"line":65,"column":34},"end":{"line":73,"column":1}},"line":65},"7":{"name":"(anonymous_7)","decl":{"start":{"line":75,"column":18},"end":{"line":75,"column":19}},"loc":{"start":{"line":75,"column":34},"end":{"line":83,"column":1}},"line":75}},"branchMap":{},"s":{"0":1,"1":1,"2":1,"3":2,"4":2,"5":1,"6":1,"7":1,"8":2,"9":2,"10":1,"11":1,"12":1,"13":2,"14":2,"15":1,"16":1,"17":1,"18":2,"19":2,"20":1,"21":1,"22":1,"23":2,"24":2,"25":1,"26":1,"27":1,"28":2,"29":2,"30":1,"31":1,"32":1,"33":2,"34":2,"35":1,"36":1,"37":1,"38":2,"39":2,"40":1,"41":1,"42":1},"f":{"0":2,"1":2,"2":2,"3":2,"4":2,"5":2,"6":2,"7":2},"b":{},"_coverageSchema":"1a1c01bbd47fc00a2c39e90264f33305004495a9","hash":"51ee3dab445e13b3b4776a832ea0efef226e1795"}
,"C:\\Users\\hp\\Desktop\\QA App\\server\\src\\database\\BoardTable.js": {"path":"C:\\Users\\hp\\Desktop\\QA App\\server\\src\\database\\BoardTable.js","statementMap":{"0":{"start":{"line":1,"column":15},"end":{"line":1,"column":34}},"1":{"start":{"line":3,"column":18},"end":{"line":19,"column":4}},"2":{"start":{"line":21,"column":19},"end":{"line":21,"column":59}},"3":{"start":{"line":23,"column":2},"end":{"line":23,"column":28}}},"fnMap":{},"branchMap":{},"s":{"0":3,"1":3,"2":3,"3":3},"f":{},"b":{},"_coverageSchema":"1a1c01bbd47fc00a2c39e90264f33305004495a9","hash":"184ba40d5722edf3cedf174b62f3061299b4ee2b"}
,"C:\\Users\\hp\\Desktop\\QA App\\server\\src\\database\\Questions.js": {"path":"C:\\Users\\hp\\Desktop\\QA App\\server\\src\\database\\Questions.js","statementMap":{"0":{"start":{"line":1,"column":15},"end":{"line":1,"column":34}},"1":{"start":{"line":3,"column":21},"end":{"line":12,"column":4}},"2":{"start":{"line":14,"column":22},"end":{"line":14,"column":68}},"3":{"start":{"line":16,"column":2},"end":{"line":16,"column":31}}},"fnMap":{},"branchMap":{},"s":{"0":3,"1":3,"2":3,"3":3},"f":{},"b":{},"_coverageSchema":"1a1c01bbd47fc00a2c39e90264f33305004495a9","hash":"819ce099d7f5b337d7bb1a1bc5cfd083704dc8d2"}
,"C:\\Users\\hp\\Desktop\\QA App\\server\\src\\services\\boardTable.js": {"path":"C:\\Users\\hp\\Desktop\\QA App\\server\\src\\services\\boardTable.js","statementMap":{"0":{"start":{"line":1,"column":17},"end":{"line":1,"column":50}},"1":{"start":{"line":2,"column":20},"end":{"line":2,"column":52}},"2":{"start":{"line":4,"column":25},"end":{"line":13,"column":1}},"3":{"start":{"line":5,"column":14},"end":{"line":10,"column":6}},"4":{"start":{"line":11,"column":4},"end":{"line":11,"column":29}},"5":{"start":{"line":12,"column":4},"end":{"line":12,"column":17}},"6":{"start":{"line":15,"column":25},"end":{"line":33,"column":1}},"7":{"start":{"line":16,"column":14},"end":{"line":16,"column":56}},"8":{"start":{"line":17,"column":4},"end":{"line":19,"column":5}},"9":{"start":{"line":18,"column":8},"end":{"line":18,"column":39}},"10":{"start":{"line":20,"column":17},"end":{"line":20,"column":19}},"11":{"start":{"line":21,"column":4},"end":{"line":24,"column":6}},"12":{"start":{"line":22,"column":20},"end":{"line":22,"column":57}},"13":{"start":{"line":23,"column":8},"end":{"line":23,"column":31}},"14":{"start":{"line":25,"column":4},"end":{"line":32,"column":5}},"15":{"start":{"line":26,"column":22},"end":{"line":26,"column":49}},"16":{"start":{"line":27,"column":21},"end":{"line":27,"column":72}},"17":{"start":{"line":28,"column":8},"end":{"line":28,"column":24}},"18":{"start":{"line":31,"column":8},"end":{"line":31,"column":35}},"19":{"start":{"line":35,"column":25},"end":{"line":38,"column":1}},"20":{"start":{"line":36,"column":14},"end":{"line":36,"column":109}},"21":{"start":{"line":37,"column":4},"end":{"line":37,"column":17}},"22":{"start":{"line":40,"column":23},"end":{"line":43,"column":1}},"23":{"start":{"line":41,"column":15},"end":{"line":41,"column":40}},"24":{"start":{"line":42,"column":4},"end":{"line":42,"column":18}},"25":{"start":{"line":45,"column":22},"end":{"line":48,"column":1}},"26":{"start":{"line":46,"column":14},"end":{"line":46,"column":43}},"27":{"start":{"line":47,"column":4},"end":{"line":47,"column":17}},"28":{"start":{"line":50,"column":0},"end":{"line":50,"column":107}}},"fnMap":{"0":{"name":"(anonymous_0)","decl":{"start":{"line":4,"column":25},"end":{"line":4,"column":26}},"loc":{"start":{"line":4,"column":41},"end":{"line":13,"column":1}},"line":4},"1":{"name":"(anonymous_1)","decl":{"start":{"line":15,"column":25},"end":{"line":15,"column":26}},"loc":{"start":{"line":15,"column":41},"end":{"line":33,"column":1}},"line":15},"2":{"name":"(anonymous_2)","decl":{"start":{"line":21,"column":24},"end":{"line":21,"column":25}},"loc":{"start":{"line":21,"column":32},"end":{"line":24,"column":5}},"line":21},"3":{"name":"(anonymous_3)","decl":{"start":{"line":35,"column":25},"end":{"line":35,"column":26}},"loc":{"start":{"line":35,"column":44},"end":{"line":38,"column":1}},"line":35},"4":{"name":"(anonymous_4)","decl":{"start":{"line":40,"column":23},"end":{"line":40,"column":24}},"loc":{"start":{"line":40,"column":32},"end":{"line":43,"column":1}},"line":40},"5":{"name":"(anonymous_5)","decl":{"start":{"line":45,"column":22},"end":{"line":45,"column":23}},"loc":{"start":{"line":45,"column":33},"end":{"line":48,"column":1}},"line":45}},"branchMap":{"0":{"loc":{"start":{"line":17,"column":4},"end":{"line":19,"column":5}},"type":"if","locations":[{"start":{"line":17,"column":4},"end":{"line":19,"column":5}},{"start":{},"end":{}}],"line":17}},"s":{"0":2,"1":2,"2":2,"3":1,"4":1,"5":1,"6":2,"7":2,"8":2,"9":1,"10":1,"11":1,"12":3,"13":3,"14":1,"15":1,"16":1,"17":1,"18":0,"19":2,"20":1,"21":1,"22":2,"23":1,"24":1,"25":2,"26":1,"27":1,"28":2},"f":{"0":1,"1":2,"2":3,"3":1,"4":1,"5":1},"b":{"0":[1,1]},"_coverageSchema":"1a1c01bbd47fc00a2c39e90264f33305004495a9","hash":"4ec0beae81ac9be01e5640b95d63abc7944bb380"}
,"C:\\Users\\hp\\Desktop\\QA App\\server\\src\\services\\questions.js": {"path":"C:\\Users\\hp\\Desktop\\QA App\\server\\src\\services\\questions.js","statementMap":{"0":{"start":{"line":1,"column":17},"end":{"line":1,"column":50}},"1":{"start":{"line":2,"column":20},"end":{"line":2,"column":52}},"2":{"start":{"line":4,"column":19},"end":{"line":21,"column":1}},"3":{"start":{"line":5,"column":14},"end":{"line":5,"column":43}},"4":{"start":{"line":6,"column":17},"end":{"line":6,"column":19}},"5":{"start":{"line":7,"column":4},"end":{"line":10,"column":6}},"6":{"start":{"line":8,"column":20},"end":{"line":8,"column":48}},"7":{"start":{"line":9,"column":8},"end":{"line":9,"column":31}},"8":{"start":{"line":11,"column":4},"end":{"line":20,"column":5}},"9":{"start":{"line":12,"column":22},"end":{"line":12,"column":49}},"10":{"start":{"line":13,"column":8},"end":{"line":15,"column":10}},"11":{"start":{"line":14,"column":12},"end":{"line":14,"column":35}},"12":{"start":{"line":16,"column":8},"end":{"line":16,"column":25}},"13":{"start":{"line":19,"column":8},"end":{"line":19,"column":35}},"14":{"start":{"line":23,"column":26},"end":{"line":31,"column":1}},"15":{"start":{"line":24,"column":17},"end":{"line":27,"column":6}},"16":{"start":{"line":28,"column":4},"end":{"line":28,"column":35}},"17":{"start":{"line":29,"column":14},"end":{"line":29,"column":92}},"18":{"start":{"line":30,"column":4},"end":{"line":30,"column":20}},"19":{"start":{"line":33,"column":25},"end":{"line":36,"column":1}},"20":{"start":{"line":34,"column":17},"end":{"line":34,"column":75}},"21":{"start":{"line":35,"column":4},"end":{"line":35,"column":20}},"22":{"start":{"line":38,"column":0},"end":{"line":38,"column":69}}},"fnMap":{"0":{"name":"(anonymous_0)","decl":{"start":{"line":4,"column":19},"end":{"line":4,"column":20}},"loc":{"start":{"line":4,"column":30},"end":{"line":21,"column":1}},"line":4},"1":{"name":"(anonymous_1)","decl":{"start":{"line":7,"column":24},"end":{"line":7,"column":25}},"loc":{"start":{"line":7,"column":32},"end":{"line":10,"column":5}},"line":7},"2":{"name":"(anonymous_2)","decl":{"start":{"line":13,"column":23},"end":{"line":13,"column":24}},"loc":{"start":{"line":13,"column":30},"end":{"line":15,"column":9}},"line":13},"3":{"name":"(anonymous_3)","decl":{"start":{"line":23,"column":26},"end":{"line":23,"column":27}},"loc":{"start":{"line":23,"column":42},"end":{"line":31,"column":1}},"line":23},"4":{"name":"(anonymous_4)","decl":{"start":{"line":33,"column":25},"end":{"line":33,"column":26}},"loc":{"start":{"line":33,"column":36},"end":{"line":36,"column":1}},"line":33}},"branchMap":{},"s":{"0":2,"1":2,"2":2,"3":1,"4":1,"5":1,"6":3,"7":3,"8":1,"9":1,"10":1,"11":2,"12":1,"13":0,"14":2,"15":1,"16":1,"17":1,"18":1,"19":2,"20":1,"21":1,"22":2},"f":{"0":1,"1":3,"2":2,"3":1,"4":1},"b":{},"_coverageSchema":"1a1c01bbd47fc00a2c39e90264f33305004495a9","hash":"358ae6bb62fc5508fb52794ed8c1b98dbca77362"}
}
