TN:
SF:src\controller\controller.js
FN:4,(anonymous_0)
FN:15,(anonymous_1)
FN:25,(anonymous_2)
FN:35,(anonymous_3)
FN:45,(anonymous_4)
FN:55,(anonymous_5)
FN:65,(anonymous_6)
FN:75,(anonymous_7)
FNF:8
FNH:8
FNDA:2,(anonymous_0)
FNDA:2,(anonymous_1)
FNDA:2,(anonymous_2)
FNDA:2,(anonymous_3)
FNDA:2,(anonymous_4)
FNDA:2,(anonymous_5)
FNDA:2,(anonymous_6)
FNDA:2,(anonymous_7)
DA:1,1
DA:2,1
DA:4,1
DA:5,2
DA:6,2
DA:7,1
DA:10,1
DA:15,1
DA:16,2
DA:17,2
DA:18,1
DA:21,1
DA:25,1
DA:26,2
DA:27,2
DA:28,1
DA:31,1
DA:35,1
DA:36,2
DA:37,2
DA:38,1
DA:41,1
DA:45,1
DA:46,2
DA:47,2
DA:48,1
DA:51,1
DA:55,1
DA:56,2
DA:57,2
DA:58,1
DA:61,1
DA:65,1
DA:66,2
DA:67,2
DA:68,1
DA:71,1
DA:75,1
DA:76,2
DA:77,2
DA:78,1
DA:81,1
DA:87,1
LF:43
LH:43
BRF:0
BRH:0
end_of_record
TN:
SF:src\database\BoardTable.js
FNF:0
FNH:0
DA:1,3
DA:3,3
DA:21,3
DA:23,3
LF:4
LH:4
BRF:0
BRH:0
end_of_record
TN:
SF:src\database\Questions.js
FNF:0
FNH:0
DA:1,3
DA:3,3
DA:14,3
DA:16,3
LF:4
LH:4
BRF:0
BRH:0
end_of_record
TN:
SF:src\services\boardTable.js
FN:4,(anonymous_0)
FN:15,(anonymous_1)
FN:21,(anonymous_2)
FN:35,(anonymous_3)
FN:40,(anonymous_4)
FN:45,(anonymous_5)
FNF:6
FNH:6
FNDA:1,(anonymous_0)
FNDA:2,(anonymous_1)
FNDA:3,(anonymous_2)
FNDA:1,(anonymous_3)
FNDA:1,(anonymous_4)
FNDA:1,(anonymous_5)
DA:1,2
DA:2,2
DA:4,2
DA:5,1
DA:11,1
DA:12,1
DA:15,2
DA:16,2
DA:17,2
DA:18,1
DA:20,1
DA:21,1
DA:22,3
DA:23,3
DA:25,1
DA:26,1
DA:27,1
DA:28,1
DA:31,0
DA:35,2
DA:36,1
DA:37,1
DA:40,2
DA:41,1
DA:42,1
DA:45,2
DA:46,1
DA:47,1
DA:50,2
LF:29
LH:28
BRDA:17,0,0,1
BRDA:17,0,1,1
BRF:2
BRH:2
end_of_record
TN:
SF:src\services\questions.js
FN:4,(anonymous_0)
FN:7,(anonymous_1)
FN:13,(anonymous_2)
FN:23,(anonymous_3)
FN:33,(anonymous_4)
FNF:5
FNH:5
FNDA:1,(anonymous_0)
FNDA:3,(anonymous_1)
FNDA:2,(anonymous_2)
FNDA:1,(anonymous_3)
FNDA:1,(anonymous_4)
DA:1,2
DA:2,2
DA:4,2
DA:5,1
DA:6,1
DA:7,1
DA:8,3
DA:9,3
DA:11,1
DA:12,1
DA:13,1
DA:14,2
DA:16,1
DA:19,0
DA:23,2
DA:24,1
DA:28,1
DA:29,1
DA:30,1
DA:33,2
DA:34,1
DA:35,1
DA:38,2
LF:23
LH:22
BRF:0
BRH:0
end_of_record
